
  __    _   ___  
 / /\  | | | |_) 
/_/--\ |_| |_| \_  // live reload for Go apps, with Go 

`.air.conf` will be deprecated soon, recommend using `.air.toml`.
mkdir /easi/tmp/air
!exclude bin
watching cmd
watching cmd/backfill
watching cmd/devdata
watching cmd/easi
watching cmd/easi/test
watching cmd/gen_intake_schema
watching cmd/seed
watching cmd/test_cedar_intake
watching cmd/test_email_templates
!exclude config
!exclude coverage
!exclude cypress
!exclude docs
!exclude migrations
!exclude node_modules
watching pkg
watching pkg/appconfig
watching pkg/appcontext
watching pkg/apperrors
watching pkg/appses
watching pkg/appvalidation
watching pkg/authentication
watching pkg/authorization
watching pkg/cedar
watching pkg/cedar/cedarldap
watching pkg/cedar/cedarldap/gen
watching pkg/cedar/cedarldap/gen/client
watching pkg/cedar/cedarldap/gen/client/operations
watching pkg/cedar/cedarldap/gen/models
watching pkg/cedar/core
watching pkg/cedar/core/gen
watching pkg/cedar/core/gen/client
watching pkg/cedar/core/gen/client/authority_to_operate
watching pkg/cedar/core/gen/client/budget
watching pkg/cedar/core/gen/client/component
watching pkg/cedar/core/gen/client/contract
watching pkg/cedar/core/gen/client/cost_type
watching pkg/cedar/core/gen/client/data_center
watching pkg/cedar/core/gen/client/deployment
watching pkg/cedar/core/gen/client/domain_model
watching pkg/cedar/core/gen/client/enumeration
watching pkg/cedar/core/gen/client/exchange
watching pkg/cedar/core/gen/client/organization
watching pkg/cedar/core/gen/client/person
watching pkg/cedar/core/gen/client/role
watching pkg/cedar/core/gen/client/stakeholder
watching pkg/cedar/core/gen/client/support_contact
watching pkg/cedar/core/gen/client/system
watching pkg/cedar/core/gen/client/threat
watching pkg/cedar/core/gen/client/url
watching pkg/cedar/core/gen/client/user
watching pkg/cedar/core/gen/models
watching pkg/cedar/intake
watching pkg/cedar/intake/gen
watching pkg/cedar/intake/gen/client
watching pkg/cedar/intake/gen/client/health_check
watching pkg/cedar/intake/gen/client/intake
watching pkg/cedar/intake/gen/models
watching pkg/cedar/intake/models
watching pkg/cedar/intake/schemas
watching pkg/cedar/intake/translation
watching pkg/email
watching pkg/email/templates
watching pkg/flags
watching pkg/graph
watching pkg/graph/generated
watching pkg/graph/model
watching pkg/handlers
watching pkg/integration
watching pkg/local
watching pkg/models
watching pkg/okta
watching pkg/server
watching pkg/services
watching pkg/storage
watching pkg/testhelpers
watching pkg/upload
watching pkg/validate
!exclude public
!exclude scripts
!exclude src
!exclude tmp
!exclude types
building...
running...
[LaunchDarkly] 2022/06/09 20:17:19 INFO: Starting LaunchDarkly client 5.9.0
[LaunchDarkly] 2022/06/09 20:17:19 INFO: Starting LaunchDarkly streaming connection
[LaunchDarkly] 2022/06/09 20:17:19 INFO: Waiting up to 30000 milliseconds for LaunchDarkly client to start...
[LaunchDarkly] 2022/06/09 20:17:19 INFO: Connecting to LaunchDarkly stream
[LaunchDarkly] 2022/06/09 20:17:20 INFO: LaunchDarkly streaming is active
[LaunchDarkly] 2022/06/09 20:17:20 INFO: Initialized LaunchDarkly client
{"level":"info","ts":1654805840.031566,"caller":"core/system_summary.go:111","msg":"Refreshing System Summary cache"}
{"level":"info","ts":1654805840.08768,"caller":"server/server.go:92","msg":"Serving application on port 8080"}
{"level":"info","ts":1654805864.7790697,"caller":"server/logger.go:35","msg":"Request","traceID":"f220a834-a2eb-48a9-828f-452275502131","accepted-language":"","content-length":0,"host":"localhost:8080","method":"GET","protocol-version":"HTTP/1.1","referer":"","source":"172.20.0.1:62304","url":"/api/v1/healthcheck","user-agent":"curl/7.79.1"}
{"level":"info","ts":1654805864.7871525,"caller":"local/authentication_middleware.go:23","msg":"Using local authorization middleware"}
{"level":"info","ts":1654805864.788768,"caller":"local/authentication_middleware.go:26","msg":"No local auth header present"}
{"level":"warn","ts":1654805870.0180674,"caller":"core/client.go:90","msg":"Failed to refresh cache","error":"Get \"https://webmethods-apigw.cedarimpl.cms.gov/gateway/CEDAR%20Core%20API/1.0.0/system/summary?includeInSurvey=true&state=active\": context deadline exceeded"}
{"level":"info","ts":1654806139.7834294,"caller":"core/system_summary.go:111","msg":"Refreshing System Summary cache"}
{"level":"warn","ts":1654806169.7781804,"caller":"core/client.go:90","msg":"Failed to refresh cache","error":"Get \"https://webmethods-apigw.cedarimpl.cms.gov/gateway/CEDAR%20Core%20API/1.0.0/system/summary?includeInSurvey=true&state=active\": context deadline exceeded"}
{"level":"info","ts":1654806439.5381305,"caller":"core/system_summary.go:111","msg":"Refreshing System Summary cache"}
{"level":"warn","ts":1654806469.5196826,"caller":"core/client.go:90","msg":"Failed to refresh cache","error":"Get \"https://webmethods-apigw.cedarimpl.cms.gov/gateway/CEDAR%20Core%20API/1.0.0/system/summary?includeInSurvey=true&state=active\": context deadline exceeded"}
{"level":"info","ts":1654806739.314543,"caller":"core/system_summary.go:111","msg":"Refreshing System Summary cache"}
{"level":"warn","ts":1654806769.2963002,"caller":"core/client.go:90","msg":"Failed to refresh cache","error":"Get \"https://webmethods-apigw.cedarimpl.cms.gov/gateway/CEDAR%20Core%20API/1.0.0/system/summary?includeInSurvey=true&state=active\": context deadline exceeded"}
{"level":"info","ts":1654807039.0909007,"caller":"core/system_summary.go:111","msg":"Refreshing System Summary cache"}
{"level":"warn","ts":1654807069.0697153,"caller":"core/client.go:90","msg":"Failed to refresh cache","error":"Get \"https://webmethods-apigw.cedarimpl.cms.gov/gateway/CEDAR%20Core%20API/1.0.0/system/summary?includeInSurvey=true&state=active\": context deadline exceeded"}
{"level":"info","ts":1654807338.8687062,"caller":"core/system_summary.go:111","msg":"Refreshing System Summary cache"}
{"level":"warn","ts":1654807368.8479016,"caller":"core/client.go:90","msg":"Failed to refresh cache","error":"Get \"https://webmethods-apigw.cedarimpl.cms.gov/gateway/CEDAR%20Core%20API/1.0.0/system/summary?includeInSurvey=true&state=active\": context deadline exceeded"}
{"level":"info","ts":1654807638.8776915,"caller":"core/system_summary.go:111","msg":"Refreshing System Summary cache"}
{"level":"warn","ts":1654807668.8567064,"caller":"core/client.go:90","msg":"Failed to refresh cache","error":"Get \"https://webmethods-apigw.cedarimpl.cms.gov/gateway/CEDAR%20Core%20API/1.0.0/system/summary?includeInSurvey=true&state=active\": context deadline exceeded"}
pkg/storage/system_intake_funding_source.go has changed
building...
running...
[LaunchDarkly] 2022/06/09 20:51:57 INFO: Starting LaunchDarkly client 5.9.0
[LaunchDarkly] 2022/06/09 20:51:57 INFO: Starting LaunchDarkly streaming connection
[LaunchDarkly] 2022/06/09 20:51:57 INFO: Waiting up to 30000 milliseconds for LaunchDarkly client to start...
[LaunchDarkly] 2022/06/09 20:51:57 INFO: Connecting to LaunchDarkly stream
[LaunchDarkly] 2022/06/09 20:51:58 INFO: LaunchDarkly streaming is active
[LaunchDarkly] 2022/06/09 20:51:58 INFO: Initialized LaunchDarkly client
{"level":"info","ts":1654807918.1875207,"caller":"core/system_summary.go:111","msg":"Refreshing System Summary cache"}
{"level":"info","ts":1654807918.2428017,"caller":"server/server.go:92","msg":"Serving application on port 8080"}
{"level":"warn","ts":1654807948.174425,"caller":"core/client.go:90","msg":"Failed to refresh cache","error":"Get \"https://webmethods-apigw.cedarimpl.cms.gov/gateway/CEDAR%20Core%20API/1.0.0/system/summary?includeInSurvey=true&state=active\": dial tcp 10.138.78.45:443: i/o timeout"}
pkg/graph/schema.resolvers_system_intake_test.go has changed
building...
running...
[LaunchDarkly] 2022/06/09 20:56:59 INFO: Starting LaunchDarkly client 5.9.0
[LaunchDarkly] 2022/06/09 20:56:59 INFO: Starting LaunchDarkly streaming connection
[LaunchDarkly] 2022/06/09 20:56:59 INFO: Connecting to LaunchDarkly stream
[LaunchDarkly] 2022/06/09 20:56:59 INFO: Waiting up to 30000 milliseconds for LaunchDarkly client to start...
[LaunchDarkly] 2022/06/09 20:56:59 INFO: LaunchDarkly streaming is active
[LaunchDarkly] 2022/06/09 20:56:59 INFO: Initialized LaunchDarkly client
{"level":"info","ts":1654808220.002812,"caller":"core/system_summary.go:111","msg":"Refreshing System Summary cache"}
{"level":"info","ts":1654808220.065975,"caller":"server/server.go:92","msg":"Serving application on port 8080"}
pkg/graph/schema.resolvers_system_intake_test.go has changed
building...
running...
[LaunchDarkly] 2022/06/09 20:57:10 INFO: Starting LaunchDarkly client 5.9.0
[LaunchDarkly] 2022/06/09 20:57:10 INFO: Starting LaunchDarkly streaming connection
[LaunchDarkly] 2022/06/09 20:57:10 INFO: Waiting up to 30000 milliseconds for LaunchDarkly client to start...
[LaunchDarkly] 2022/06/09 20:57:10 INFO: Connecting to LaunchDarkly stream
[LaunchDarkly] 2022/06/09 20:57:10 INFO: LaunchDarkly streaming is active
[LaunchDarkly] 2022/06/09 20:57:10 INFO: Initialized LaunchDarkly client
{"level":"info","ts":1654808230.8759212,"caller":"core/system_summary.go:111","msg":"Refreshing System Summary cache"}
{"level":"info","ts":1654808230.9049451,"caller":"server/server.go:92","msg":"Serving application on port 8080"}
pkg/graph/schema.resolvers_system_intake_test.go has changed
building...
running...
[LaunchDarkly] 2022/06/09 20:57:34 INFO: Starting LaunchDarkly client 5.9.0
[LaunchDarkly] 2022/06/09 20:57:34 INFO: Starting LaunchDarkly streaming connection
[LaunchDarkly] 2022/06/09 20:57:34 INFO: Waiting up to 30000 milliseconds for LaunchDarkly client to start...
[LaunchDarkly] 2022/06/09 20:57:34 INFO: Connecting to LaunchDarkly stream
[LaunchDarkly] 2022/06/09 20:57:34 INFO: LaunchDarkly streaming is active
[LaunchDarkly] 2022/06/09 20:57:34 INFO: Initialized LaunchDarkly client
{"level":"info","ts":1654808254.6111736,"caller":"core/system_summary.go:111","msg":"Refreshing System Summary cache"}
{"level":"info","ts":1654808254.645826,"caller":"server/server.go:92","msg":"Serving application on port 8080"}
pkg/graph/schema.resolvers_system_intake_test.go has changed
building...
running...
[LaunchDarkly] 2022/06/09 20:57:53 INFO: Starting LaunchDarkly client 5.9.0
[LaunchDarkly] 2022/06/09 20:57:53 INFO: Starting LaunchDarkly streaming connection
[LaunchDarkly] 2022/06/09 20:57:53 INFO: Waiting up to 30000 milliseconds for LaunchDarkly client to start...
[LaunchDarkly] 2022/06/09 20:57:53 INFO: Connecting to LaunchDarkly stream
pkg/graph/schema.resolvers_system_intake_test.go has changed
building...
running...
[LaunchDarkly] 2022/06/09 20:57:55 INFO: Starting LaunchDarkly client 5.9.0
[LaunchDarkly] 2022/06/09 20:57:55 INFO: Starting LaunchDarkly streaming connection
[LaunchDarkly] 2022/06/09 20:57:55 INFO: Waiting up to 30000 milliseconds for LaunchDarkly client to start...
[LaunchDarkly] 2022/06/09 20:57:55 INFO: Connecting to LaunchDarkly stream
[LaunchDarkly] 2022/06/09 20:57:55 INFO: LaunchDarkly streaming is active
[LaunchDarkly] 2022/06/09 20:57:55 INFO: Initialized LaunchDarkly client
{"level":"info","ts":1654808275.8817468,"caller":"core/system_summary.go:111","msg":"Refreshing System Summary cache"}
{"level":"info","ts":1654808275.9149263,"caller":"server/server.go:92","msg":"Serving application on port 8080"}
pkg/graph/schema.resolvers_system_intake_test.go has changed
building...
running...
[LaunchDarkly] 2022/06/09 20:58:11 INFO: Starting LaunchDarkly client 5.9.0
[LaunchDarkly] 2022/06/09 20:58:11 INFO: Starting LaunchDarkly streaming connection
[LaunchDarkly] 2022/06/09 20:58:11 INFO: Waiting up to 30000 milliseconds for LaunchDarkly client to start...
[LaunchDarkly] 2022/06/09 20:58:11 INFO: Connecting to LaunchDarkly stream
[LaunchDarkly] 2022/06/09 20:58:11 INFO: LaunchDarkly streaming is active
[LaunchDarkly] 2022/06/09 20:58:11 INFO: Initialized LaunchDarkly client
{"level":"info","ts":1654808291.6636386,"caller":"core/system_summary.go:111","msg":"Refreshing System Summary cache"}
{"level":"info","ts":1654808291.6991167,"caller":"server/server.go:92","msg":"Serving application on port 8080"}
{"level":"warn","ts":1654808321.6510484,"caller":"core/client.go:90","msg":"Failed to refresh cache","error":"Get \"https://webmethods-apigw.cedarimpl.cms.gov/gateway/CEDAR%20Core%20API/1.0.0/system/summary?includeInSurvey=true&state=active\": dial tcp 10.138.78.45:443: i/o timeout"}
pkg/graph/generated/generated.go has changed
building...
pkg/graph/schema.resolvers.go:22:2: no required module provides package github.com/cmsgov/easi-app/pkg/graph/generated; to add it:
	go get github.com/cmsgov/easi-app/pkg/graph/generated
failed to build, error: exit status 1
pkg/graph/generated/generated.go has changed
building...
pkg/graph/schema.resolvers.go has changed
running...
[LaunchDarkly] 2022/06/09 20:59:09 INFO: Starting LaunchDarkly client 5.9.0
[LaunchDarkly] 2022/06/09 20:59:09 INFO: Starting LaunchDarkly streaming connection
[LaunchDarkly] 2022/06/09 20:59:09 INFO: Waiting up to 30000 milliseconds for LaunchDarkly client to start...
[LaunchDarkly] 2022/06/09 20:59:09 INFO: Connecting to LaunchDarkly stream
[LaunchDarkly] 2022/06/09 20:59:09 INFO: LaunchDarkly streaming is active
[LaunchDarkly] 2022/06/09 20:59:09 INFO: Initialized LaunchDarkly client
{"level":"info","ts":1654808349.499234,"caller":"core/system_summary.go:111","msg":"Refreshing System Summary cache"}
{"level":"info","ts":1654808349.5615106,"caller":"server/server.go:92","msg":"Serving application on port 8080"}
pkg/graph/schema.resolvers.go has changed
building...
running...
[LaunchDarkly] 2022/06/09 20:59:13 INFO: Starting LaunchDarkly client 5.9.0
[LaunchDarkly] 2022/06/09 20:59:13 INFO: Starting LaunchDarkly streaming connection
[LaunchDarkly] 2022/06/09 20:59:13 INFO: Waiting up to 30000 milliseconds for LaunchDarkly client to start...
[LaunchDarkly] 2022/06/09 20:59:13 INFO: Connecting to LaunchDarkly stream
[LaunchDarkly] 2022/06/09 20:59:13 INFO: LaunchDarkly streaming is active
[LaunchDarkly] 2022/06/09 20:59:13 INFO: Initialized LaunchDarkly client
{"level":"info","ts":1654808353.5489206,"caller":"core/system_summary.go:111","msg":"Refreshing System Summary cache"}
{"level":"info","ts":1654808353.5874665,"caller":"server/server.go:92","msg":"Serving application on port 8080"}
{"level":"info","ts":1654808370.8373303,"caller":"server/logger.go:35","msg":"Request","traceID":"6b5e6d60-ff32-4eee-8aac-cfa8065c55ec","accepted-language":"","content-length":0,"host":"localhost:8080","method":"GET","protocol-version":"HTTP/1.1","referer":"","source":"172.20.0.1:62572","url":"/api?timeout=32s","user-agent":"kubectl/v1.22.9 (darwin/amd64) kubernetes/2b63bf7"}
{"level":"info","ts":1654808370.8375611,"caller":"local/authentication_middleware.go:23","msg":"Using local authorization middleware"}
{"level":"info","ts":1654808370.8378675,"caller":"local/authentication_middleware.go:26","msg":"No local auth header present"}
{"level":"info","ts":1654808370.8384392,"caller":"handlers/handler_base.go:163","msg":"Returning status not found error from handler","traceID":"6b5e6d60-ff32-4eee-8aac-cfa8065c55ec","error":"Route /api unknown"}
{"level":"info","ts":1654808370.92206,"caller":"server/logger.go:35","msg":"Request","traceID":"b8d14cde-0282-4cd2-bd34-9aed393397f2","accepted-language":"","content-length":0,"host":"localhost:8080","method":"GET","protocol-version":"HTTP/1.1","referer":"","source":"172.20.0.1:62572","url":"/apis?timeout=32s","user-agent":"kubectl/v1.22.9 (darwin/amd64) kubernetes/2b63bf7"}
{"level":"info","ts":1654808370.922231,"caller":"local/authentication_middleware.go:23","msg":"Using local authorization middleware"}
{"level":"info","ts":1654808370.9222503,"caller":"local/authentication_middleware.go:26","msg":"No local auth header present"}
{"level":"info","ts":1654808370.922265,"caller":"handlers/handler_base.go:163","msg":"Returning status not found error from handler","traceID":"b8d14cde-0282-4cd2-bd34-9aed393397f2","error":"Route /apis unknown"}
{"level":"warn","ts":1654808383.533228,"caller":"core/client.go:90","msg":"Failed to refresh cache","error":"Get \"https://webmethods-apigw.cedarimpl.cms.gov/gateway/CEDAR%20Core%20API/1.0.0/system/summary?includeInSurvey=true&state=active\": context deadline exceeded"}
pkg/graph/schema.resolvers_system_intake_test.go has changed
building...
running...
[LaunchDarkly] 2022/06/09 21:01:51 INFO: Starting LaunchDarkly client 5.9.0
[LaunchDarkly] 2022/06/09 21:01:51 INFO: Starting LaunchDarkly streaming connection
[LaunchDarkly] 2022/06/09 21:01:51 INFO: Waiting up to 30000 milliseconds for LaunchDarkly client to start...
[LaunchDarkly] 2022/06/09 21:01:51 INFO: Connecting to LaunchDarkly stream
[LaunchDarkly] 2022/06/09 21:01:51 INFO: LaunchDarkly streaming is active
[LaunchDarkly] 2022/06/09 21:01:51 INFO: Initialized LaunchDarkly client
{"level":"info","ts":1654808511.8629525,"caller":"core/system_summary.go:111","msg":"Refreshing System Summary cache"}
{"level":"info","ts":1654808511.9086497,"caller":"server/server.go:92","msg":"Serving application on port 8080"}
{"level":"warn","ts":1654808541.8506289,"caller":"core/client.go:90","msg":"Failed to refresh cache","error":"Get \"https://webmethods-apigw.cedarimpl.cms.gov/gateway/CEDAR%20Core%20API/1.0.0/system/summary?includeInSurvey=true&state=active\": context deadline exceeded"}
{"level":"info","ts":1654808587.954231,"caller":"server/logger.go:35","msg":"Request","traceID":"4a786b4a-a9c6-4434-966f-335b168c7cf8","accepted-language":"","content-length":0,"host":"localhost:8080","method":"GET","protocol-version":"HTTP/1.1","referer":"","source":"172.20.0.1:62624","url":"/api/v1/healthcheck","user-agent":"curl/7.79.1"}
{"level":"info","ts":1654808587.9625144,"caller":"local/authentication_middleware.go:23","msg":"Using local authorization middleware"}
{"level":"info","ts":1654808587.9643474,"caller":"local/authentication_middleware.go:26","msg":"No local auth header present"}
{"level":"info","ts":1654808811.6846375,"caller":"core/system_summary.go:111","msg":"Refreshing System Summary cache"}
{"level":"warn","ts":1654808841.6970723,"caller":"core/client.go:90","msg":"Failed to refresh cache","error":"Get \"https://webmethods-apigw.cedarimpl.cms.gov/gateway/CEDAR%20Core%20API/1.0.0/system/summary?includeInSurvey=true&state=active\": context deadline exceeded"}
{"level":"info","ts":1654809111.4440877,"caller":"core/system_summary.go:111","msg":"Refreshing System Summary cache"}
{"level":"warn","ts":1654809141.4239962,"caller":"core/client.go:90","msg":"Failed to refresh cache","error":"Get \"https://webmethods-apigw.cedarimpl.cms.gov/gateway/CEDAR%20Core%20API/1.0.0/system/summary?includeInSurvey=true&state=active\": dial tcp 10.138.78.45:443: i/o timeout"}
{"level":"info","ts":1654809411.1830392,"caller":"core/system_summary.go:111","msg":"Refreshing System Summary cache"}
{"level":"warn","ts":1654809441.1625617,"caller":"core/client.go:90","msg":"Failed to refresh cache","error":"Get \"https://webmethods-apigw.cedarimpl.cms.gov/gateway/CEDAR%20Core%20API/1.0.0/system/summary?includeInSurvey=true&state=active\": dial tcp 10.138.78.45:443: i/o timeout"}
{"level":"info","ts":1654809710.9686656,"caller":"core/system_summary.go:111","msg":"Refreshing System Summary cache"}
{"level":"warn","ts":1654809740.9478712,"caller":"core/client.go:90","msg":"Failed to refresh cache","error":"Get \"https://webmethods-apigw.cedarimpl.cms.gov/gateway/CEDAR%20Core%20API/1.0.0/system/summary?includeInSurvey=true&state=active\": context deadline exceeded"}
{"level":"info","ts":1654809813.8898084,"caller":"server/logger.go:35","msg":"Request","traceID":"dd78cd07-550f-49f5-bc83-f528c6489e0d","accepted-language":"","content-length":0,"host":"localhost:8080","method":"GET","protocol-version":"HTTP/1.1","referer":"","source":"172.20.0.1:62754","url":"/version?timeout=5s","user-agent":"kubectl-dispatcher/v1.0 (darwin/amd64)"}
{"level":"info","ts":1654809813.8899488,"caller":"local/authentication_middleware.go:23","msg":"Using local authorization middleware"}
{"level":"info","ts":1654809813.8926892,"caller":"local/authentication_middleware.go:26","msg":"No local auth header present"}
{"level":"info","ts":1654809813.8949313,"caller":"handlers/handler_base.go:163","msg":"Returning status not found error from handler","traceID":"dd78cd07-550f-49f5-bc83-f528c6489e0d","error":"Route /version unknown"}
{"level":"info","ts":1654810010.75248,"caller":"core/system_summary.go:111","msg":"Refreshing System Summary cache"}
{"level":"warn","ts":1654810040.7318785,"caller":"core/client.go:90","msg":"Failed to refresh cache","error":"Get \"https://webmethods-apigw.cedarimpl.cms.gov/gateway/CEDAR%20Core%20API/1.0.0/system/summary?includeInSurvey=true&state=active\": context deadline exceeded"}
{"level":"info","ts":1654810310.5192637,"caller":"core/system_summary.go:111","msg":"Refreshing System Summary cache"}
{"level":"warn","ts":1654810340.497683,"caller":"core/client.go:90","msg":"Failed to refresh cache","error":"Get \"https://webmethods-apigw.cedarimpl.cms.gov/gateway/CEDAR%20Core%20API/1.0.0/system/summary?includeInSurvey=true&state=active\": dial tcp 10.138.78.45:443: i/o timeout"}
{"level":"info","ts":1654810610.3004622,"caller":"core/system_summary.go:111","msg":"Refreshing System Summary cache"}
{"level":"warn","ts":1654810640.2855313,"caller":"core/client.go:90","msg":"Failed to refresh cache","error":"Get \"https://webmethods-apigw.cedarimpl.cms.gov/gateway/CEDAR%20Core%20API/1.0.0/system/summary?includeInSurvey=true&state=active\": context deadline exceeded"}
{"level":"info","ts":1654810910.085766,"caller":"core/system_summary.go:111","msg":"Refreshing System Summary cache"}
{"level":"warn","ts":1654810940.0696852,"caller":"core/client.go:90","msg":"Failed to refresh cache","error":"Get \"https://webmethods-apigw.cedarimpl.cms.gov/gateway/CEDAR%20Core%20API/1.0.0/system/summary?includeInSurvey=true&state=active\": context deadline exceeded"}
{"level":"info","ts":1654811209.8717744,"caller":"core/system_summary.go:111","msg":"Refreshing System Summary cache"}
{"level":"warn","ts":1654811239.850675,"caller":"core/client.go:90","msg":"Failed to refresh cache","error":"Get \"https://webmethods-apigw.cedarimpl.cms.gov/gateway/CEDAR%20Core%20API/1.0.0/system/summary?includeInSurvey=true&state=active\": context deadline exceeded"}
pkg/graph/schema.resolvers.go has changed
building...
running...
[LaunchDarkly] 2022/06/09 21:49:16 INFO: Starting LaunchDarkly client 5.9.0
[LaunchDarkly] 2022/06/09 21:49:16 INFO: Starting LaunchDarkly streaming connection
[LaunchDarkly] 2022/06/09 21:49:16 INFO: Waiting up to 30000 milliseconds for LaunchDarkly client to start...
[LaunchDarkly] 2022/06/09 21:49:16 INFO: Connecting to LaunchDarkly stream
[LaunchDarkly] 2022/06/09 21:49:17 INFO: LaunchDarkly streaming is active
[LaunchDarkly] 2022/06/09 21:49:17 INFO: Initialized LaunchDarkly client
{"level":"info","ts":1654811357.0206175,"caller":"core/system_summary.go:111","msg":"Refreshing System Summary cache"}
{"level":"info","ts":1654811357.0640697,"caller":"server/server.go:92","msg":"Serving application on port 8080"}
{"level":"warn","ts":1654811387.002701,"caller":"core/client.go:90","msg":"Failed to refresh cache","error":"Get \"https://webmethods-apigw.cedarimpl.cms.gov/gateway/CEDAR%20Core%20API/1.0.0/system/summary?includeInSurvey=true&state=active\": context deadline exceeded"}
pkg/graph/schema.resolvers.go has changed
building...
running...
[LaunchDarkly] 2022/06/09 21:49:58 INFO: Starting LaunchDarkly client 5.9.0
[LaunchDarkly] 2022/06/09 21:49:58 INFO: Starting LaunchDarkly streaming connection
[LaunchDarkly] 2022/06/09 21:49:58 INFO: Waiting up to 30000 milliseconds for LaunchDarkly client to start...
[LaunchDarkly] 2022/06/09 21:49:58 INFO: Connecting to LaunchDarkly stream
[LaunchDarkly] 2022/06/09 21:49:58 INFO: LaunchDarkly streaming is active
[LaunchDarkly] 2022/06/09 21:49:58 INFO: Initialized LaunchDarkly client
{"level":"info","ts":1654811398.3250399,"caller":"core/system_summary.go:111","msg":"Refreshing System Summary cache"}
{"level":"info","ts":1654811398.3534496,"caller":"server/server.go:92","msg":"Serving application on port 8080"}
pkg/graph/schema.resolvers.go has changed
building...
running...
[LaunchDarkly] 2022/06/09 21:50:13 INFO: Starting LaunchDarkly client 5.9.0
[LaunchDarkly] 2022/06/09 21:50:13 INFO: Starting LaunchDarkly streaming connection
[LaunchDarkly] 2022/06/09 21:50:13 INFO: Waiting up to 30000 milliseconds for LaunchDarkly client to start...
[LaunchDarkly] 2022/06/09 21:50:13 INFO: Connecting to LaunchDarkly stream
[LaunchDarkly] 2022/06/09 21:50:13 INFO: LaunchDarkly streaming is active
[LaunchDarkly] 2022/06/09 21:50:13 INFO: Initialized LaunchDarkly client
{"level":"info","ts":1654811413.409447,"caller":"core/system_summary.go:111","msg":"Refreshing System Summary cache"}
{"level":"info","ts":1654811413.4471114,"caller":"server/server.go:92","msg":"Serving application on port 8080"}
{"level":"warn","ts":1654811443.3942547,"caller":"core/client.go:90","msg":"Failed to refresh cache","error":"Get \"https://webmethods-apigw.cedarimpl.cms.gov/gateway/CEDAR%20Core%20API/1.0.0/system/summary?includeInSurvey=true&state=active\": context deadline exceeded"}
pkg/graph/schema.resolvers.go has changed
building...
running...
[LaunchDarkly] 2022/06/09 21:50:57 INFO: Starting LaunchDarkly client 5.9.0
[LaunchDarkly] 2022/06/09 21:50:57 INFO: Starting LaunchDarkly streaming connection
[LaunchDarkly] 2022/06/09 21:50:57 INFO: Waiting up to 30000 milliseconds for LaunchDarkly client to start...
[LaunchDarkly] 2022/06/09 21:50:57 INFO: Connecting to LaunchDarkly stream
[LaunchDarkly] 2022/06/09 21:50:57 INFO: LaunchDarkly streaming is active
[LaunchDarkly] 2022/06/09 21:50:57 INFO: Initialized LaunchDarkly client
{"level":"info","ts":1654811457.7413476,"caller":"core/system_summary.go:111","msg":"Refreshing System Summary cache"}
{"level":"info","ts":1654811457.7716064,"caller":"server/server.go:92","msg":"Serving application on port 8080"}
pkg/graph/schema.resolvers.go has changed
building...
running...
[LaunchDarkly] 2022/06/09 21:51:10 INFO: Starting LaunchDarkly client 5.9.0
[LaunchDarkly] 2022/06/09 21:51:10 INFO: Starting LaunchDarkly streaming connection
[LaunchDarkly] 2022/06/09 21:51:10 INFO: Waiting up to 30000 milliseconds for LaunchDarkly client to start...
[LaunchDarkly] 2022/06/09 21:51:10 INFO: Connecting to LaunchDarkly stream
[LaunchDarkly] 2022/06/09 21:51:11 INFO: LaunchDarkly streaming is active
[LaunchDarkly] 2022/06/09 21:51:11 INFO: Initialized LaunchDarkly client
{"level":"info","ts":1654811471.145664,"caller":"core/system_summary.go:111","msg":"Refreshing System Summary cache"}
{"level":"info","ts":1654811471.177397,"caller":"server/server.go:92","msg":"Serving application on port 8080"}
pkg/graph/schema.resolvers.go has changed
building...
running...
[LaunchDarkly] 2022/06/09 21:51:20 INFO: Starting LaunchDarkly client 5.9.0
[LaunchDarkly] 2022/06/09 21:51:20 INFO: Starting LaunchDarkly streaming connection
[LaunchDarkly] 2022/06/09 21:51:20 INFO: Waiting up to 30000 milliseconds for LaunchDarkly client to start...
[LaunchDarkly] 2022/06/09 21:51:20 INFO: Connecting to LaunchDarkly stream
[LaunchDarkly] 2022/06/09 21:51:20 INFO: LaunchDarkly streaming is active
[LaunchDarkly] 2022/06/09 21:51:20 INFO: Initialized LaunchDarkly client
{"level":"info","ts":1654811480.6052186,"caller":"core/system_summary.go:111","msg":"Refreshing System Summary cache"}
{"level":"info","ts":1654811480.6317658,"caller":"server/server.go:92","msg":"Serving application on port 8080"}
{"level":"info","ts":1654811497.7485557,"caller":"server/logger.go:35","msg":"Request","traceID":"008220cb-1f2d-4576-ade8-301c482e48e2","accepted-language":"","content-length":0,"host":"localhost:8080","method":"GET","protocol-version":"HTTP/1.1","referer":"","source":"172.20.0.1:62856","url":"/api/v1/healthcheck","user-agent":"curl/7.79.1"}
{"level":"info","ts":1654811497.7533877,"caller":"local/authentication_middleware.go:23","msg":"Using local authorization middleware"}
{"level":"info","ts":1654811497.7568853,"caller":"local/authentication_middleware.go:26","msg":"No local auth header present"}
{"level":"warn","ts":1654811510.591175,"caller":"core/client.go:90","msg":"Failed to refresh cache","error":"Get \"https://webmethods-apigw.cedarimpl.cms.gov/gateway/CEDAR%20Core%20API/1.0.0/system/summary?includeInSurvey=true&state=active\": context deadline exceeded"}
{"level":"info","ts":1654811780.371448,"caller":"core/system_summary.go:111","msg":"Refreshing System Summary cache"}
